<?xml version="1.0" encoding="UTF-8"?>
<!-- Generated by org.testng.reporters.JUnitReportReporter -->
<testsuite skipped="0" hostname="DESKTOP-OVVJR1P" name="TestCases.TC001" tests="1" failures="0" timestamp="12 Sep 2020 19:17:23 GMT" time="2.850" errors="0">
  <testcase name="testTC001" time="2.850" classname="TestCases.TC001"/>
</testsuite> <!-- TestCases.TC001 -->
